14:54:32.096 | V |                      | ArgumentsFromParametersFile.OnBuildCreated (150)
14:54:32.112 | V |                      | HandleReSharperSurrogateArguments.OnBuildCreated (150)
14:54:32.113 | V |                      | InjectParameterValues.OnBuildCreated (100)
14:54:32.132 | V |                      | HandleShellCompletion.OnBuildCreated (75)
14:54:32.514 | V |                      | GenerateBuildServerConfigurations.OnBuildCreated (50)
14:54:32.516 | V |                      | InvokeBuildServerConfigurationGeneration.OnBuildCreated (45)
14:54:32.525 | V |                      | UpdateNotification.OnBuildCreated (10)
14:54:32.526 | V |                      | UnsetVisualStudioEnvironmentVariables.OnBuildCreated (0)
14:54:32.527 | V |                      | HandleVisualStudioDebugging.OnBuildCreated (0)
14:54:32.528 | V |                      | EventInvoker.OnBuildCreated (-3.4028235E+38)
14:54:32.546 | V |                      | HandlePlanRequests.OnBuildInitialized (10)
14:54:32.546 | V |                      | HandleHelpRequests.OnBuildInitialized (5)
14:54:32.546 | V |                      | Telemetry.OnBuildInitialized (0)
14:54:32.917 | V |                      | InjectNonParameterValues.OnBuildInitialized (-100)
14:54:32.918 | V |                      | EventInvoker.OnBuildInitialized (-3.4028235E+38)
14:54:32.934 | V | ComputeChangedProjec | EventInvoker.OnTargetRunning (-3.4028235E+38)
14:54:33.139 | V | ComputeChangedProjec | Telemetry.OnTargetSucceeded (0)
14:54:33.139 | V | ComputeChangedProjec | EventInvoker.OnTargetSucceeded (-3.4028235E+38)
14:54:33.144 | V | Compile              | EventInvoker.OnTargetRunning (-3.4028235E+38)
14:54:34.162 | I | Compile              | > "C:\Program Files\dotnet\dotnet.exe" build C:/Users/frte/source/repos/tools-extensions-public/src/Assistant/dotnet/AssistantDemoExtension/AssistantDemoExtension.csproj --configuration Release
14:54:34.168 | V | Compile              | @ C:\Users\frte\source\repos\tools-extensions-public\build
